<?xml version="1.0" encoding="UTF-8"?>
<testsuite xmlns:xsi="http://www.w3.org/2001/XMLSchema-instance" xsi:noNamespaceSchemaLocation="https://maven.apache.org/surefire/maven-surefire-plugin/xsd/surefire-test-report-3.0.xsd" version="3.0" name="TestSuite" time="4.783" tests="5" errors="0" skipped="0" failures="0">
  <properties>
[...]
</properties>
  <testcase name="runScenario" classname="com.spritecloud.TestNGRunner" time="2.432"/>
  <testcase name="runScenario" classname="com.spritecloud.TestNGRunner" time="0.276"/>
  <testcase name="runScenario" classname="com.spritecloud.TestNGRunner" time="0.179"/>
  <testcase name="runScenario" classname="com.spritecloud.TestNGRunner" time="0.216"/>
  <testcase name="runScenario" classname="com.spritecloud.TestNGRunner" time="1.025"/>
</testsuite>