<?xml version="1.0" encoding="UTF-8"?>
<testsuite xmlns:xsi="http://www.w3.org/2001/XMLSchema-instance" xsi:noNamespaceSchemaLocation="https://maven.apache.org/surefire/maven-surefire-plugin/xsd/surefire-test-report-3.0.xsd" version="3.0" name="TestSuite" time="168.322" tests="15" errors="0" skipped="0" failures="0">
  <properties>
[...]
</properties>
  <testcase name="runScenario[&quot;Scenarios Apis INVENTORY&quot;, &quot;Sprite Cloud API Automation Test&quot;](1)" classname="com.spritecloud.TestNGRunner" time="2.477">
    <system-out><![CDATA[27/10/21 13:52:21 INFO  root:16 - -----------Scenarios Apis INVENTORY-----------
27/10/21 13:52:23 INFO  root:21 -  ending -----------Scenarios Apis INVENTORY-----------
[@API, @regression, @apisTest]
]]></system-out>
  </testcase>
  <testcase name="runScenario[&quot;Scenarios Apis CREATELIST&quot;, &quot;Sprite Cloud API Automation Test&quot;](2)" classname="com.spritecloud.TestNGRunner" time="0.27">
    <system-out><![CDATA[27/10/21 13:52:23 INFO  root:16 - -----------Scenarios Apis CREATELIST-----------
27/10/21 13:52:23 INFO  root:21 -  ending -----------Scenarios Apis CREATELIST-----------
[@API, @regression, @apisTest]
]]></system-out>
  </testcase>
  <testcase name="runScenario[&quot;Scenarios Apis PUTUSERNAME&quot;, &quot;Sprite Cloud API Automation Test&quot;](3)" classname="com.spritecloud.TestNGRunner" time="0.179">
    <system-out><![CDATA[27/10/21 13:52:23 INFO  root:16 - -----------Scenarios Apis PUTUSERNAME-----------
27/10/21 13:52:23 INFO  root:21 -  ending -----------Scenarios Apis PUTUSERNAME-----------
[@API, @regression, @apisTest]
]]></system-out>
  </testcase>
  <testcase name="runScenario[&quot;Scenario Update Files&quot;, &quot;Sprite Cloud API Automation Test&quot;](4)" classname="com.spritecloud.TestNGRunner" time="0.987">
    <system-out><![CDATA[27/10/21 13:52:23 INFO  root:16 - -----------Scenario Update Files-----------
27/10/21 13:52:24 INFO  root:21 -  ending -----------Scenario Update Files-----------
[@API, @regression, @apisTest]
]]></system-out>
    <system-err><![CDATA[SLF4J: Failed to load class "org.slf4j.impl.StaticLoggerBinder".
SLF4J: Defaulting to no-operation (NOP) logger implementation
SLF4J: See http://www.slf4j.org/codes.html#StaticLoggerBinder for further details.
]]></system-err>
  </testcase>
  <testcase name="runScenario[&quot;Scenario Text Box&quot;, &quot;Sprite Cloud Web Automation Test&quot;](5)" classname="com.spritecloud.TestNGRunner" time="12.264">
    <system-out><![CDATA[27/10/21 13:52:24 INFO  root:16 - -----------Scenario Text Box-----------
27/10/21 13:52:35 INFO  root:21 -  ending -----------Scenario Text Box-----------
[@FrontEnd, @seleniumTest, @regression, @TextBox]
]]></system-out>
    <system-err><![CDATA[Starting ChromeDriver 95.0.4638.17 (a9d0719444d4b035e284ed1fce73bf6ccd789df2-refs/branch-heads/4638@{#178}) on port 29435
Only local connections are allowed.
Please see https://chromedriver.chromium.org/security-considerations for suggestions on keeping ChromeDriver safe.
ChromeDriver was started successfully.
Oct 27, 2021 1:52:28 PM org.openqa.selenium.remote.ProtocolHandshake createSession
INFO: Detected dialect: W3C
]]></system-err>
  </testcase>
  <testcase name="runScenario[&quot;Scenario Check Box&quot;, &quot;Sprite Cloud Web Automation Test&quot;](6)" classname="com.spritecloud.TestNGRunner" time="13.639">
    <system-out><![CDATA[27/10/21 13:52:36 INFO  root:16 - -----------Scenario Check Box-----------
27/10/21 13:52:49 INFO  root:21 -  ending -----------Scenario Check Box-----------
[@FrontEnd, @seleniumTest, @CheckBox, @regression]
]]></system-out>
    <system-err><![CDATA[Starting ChromeDriver 95.0.4638.17 (a9d0719444d4b035e284ed1fce73bf6ccd789df2-refs/branch-heads/4638@{#178}) on port 1081
Only local connections are allowed.
Please see https://chromedriver.chromium.org/security-considerations for suggestions on keeping ChromeDriver safe.
ChromeDriver was started successfully.
Oct 27, 2021 1:52:40 PM org.openqa.selenium.remote.ProtocolHandshake createSession
INFO: Detected dialect: W3C
]]></system-err>
  </testcase>
  <testcase name="runScenario[&quot;Scenario Web Table&quot;, &quot;Sprite Cloud Web Automation Test&quot;](7)" classname="com.spritecloud.TestNGRunner" time="13.299">
    <system-out><![CDATA[27/10/21 13:52:50 INFO  root:16 - -----------Scenario Web Table-----------
27/10/21 13:53:02 INFO  root:21 -  ending -----------Scenario Web Table-----------
[@FrontEnd, @seleniumTest, @regression, @WebTable]
]]></system-out>
    <system-err><![CDATA[Starting ChromeDriver 95.0.4638.17 (a9d0719444d4b035e284ed1fce73bf6ccd789df2-refs/branch-heads/4638@{#178}) on port 31150
Only local connections are allowed.
Please see https://chromedriver.chromium.org/security-considerations for suggestions on keeping ChromeDriver safe.
ChromeDriver was started successfully.
Oct 27, 2021 1:52:54 PM org.openqa.selenium.remote.ProtocolHandshake createSession
INFO: Detected dialect: W3C
]]></system-err>
  </testcase>
  <testcase name="runScenario[&quot;Scenario Upload File&quot;, &quot;Sprite Cloud Web Automation Test&quot;](8)" classname="com.spritecloud.TestNGRunner" time="15.12">
    <system-out><![CDATA[27/10/21 13:53:03 INFO  root:16 - -----------Scenario Upload File-----------
27/10/21 13:53:17 INFO  root:21 -  ending -----------Scenario Upload File-----------
[@FrontEnd, @seleniumTest, @regression, @UploadFile]
]]></system-out>
    <system-err><![CDATA[Starting ChromeDriver 95.0.4638.17 (a9d0719444d4b035e284ed1fce73bf6ccd789df2-refs/branch-heads/4638@{#178}) on port 8636
Only local connections are allowed.
Please see https://chromedriver.chromium.org/security-considerations for suggestions on keeping ChromeDriver safe.
ChromeDriver was started successfully.
Oct 27, 2021 1:53:12 PM org.openqa.selenium.remote.ProtocolHandshake createSession
INFO: Detected dialect: W3C
]]></system-err>
  </testcase>
  <testcase name="runScenario[&quot;Scenario Alerts TIMER&quot;, &quot;Sprite Cloud Web Automation Test&quot;](9)" classname="com.spritecloud.TestNGRunner" time="16.06">
    <system-out><![CDATA[27/10/21 13:53:18 INFO  root:16 - -----------Scenario Alerts TIMER-----------
27/10/21 13:53:33 INFO  root:21 -  ending -----------Scenario Alerts TIMER-----------
[@FrontEnd, @Alert, @seleniumTest, @regression]
]]></system-out>
    <system-err><![CDATA[Starting ChromeDriver 95.0.4638.17 (a9d0719444d4b035e284ed1fce73bf6ccd789df2-refs/branch-heads/4638@{#178}) on port 12144
Only local connections are allowed.
Please see https://chromedriver.chromium.org/security-considerations for suggestions on keeping ChromeDriver safe.
ChromeDriver was started successfully.
Oct 27, 2021 1:53:21 PM org.openqa.selenium.remote.ProtocolHandshake createSession
INFO: Detected dialect: W3C
]]></system-err>
  </testcase>
  <testcase name="runScenario[&quot;Scenario Alerts PROMPT&quot;, &quot;Sprite Cloud Web Automation Test&quot;](10)" classname="com.spritecloud.TestNGRunner" time="15.098">
    <system-out><![CDATA[27/10/21 13:53:35 INFO  root:16 - -----------Scenario Alerts PROMPT-----------
27/10/21 13:53:48 INFO  root:21 -  ending -----------Scenario Alerts PROMPT-----------
[@FrontEnd, @Alert, @seleniumTest, @regression]
]]></system-out>
    <system-err><![CDATA[Starting ChromeDriver 95.0.4638.17 (a9d0719444d4b035e284ed1fce73bf6ccd789df2-refs/branch-heads/4638@{#178}) on port 13607
Only local connections are allowed.
Please see https://chromedriver.chromium.org/security-considerations for suggestions on keeping ChromeDriver safe.
ChromeDriver was started successfully.
Oct 27, 2021 1:53:37 PM org.openqa.selenium.remote.ProtocolHandshake createSession
INFO: Detected dialect: W3C
]]></system-err>
  </testcase>
  <testcase name="runScenario[&quot;Scenario Alerts CONFIRM&quot;, &quot;Sprite Cloud Web Automation Test&quot;](11)" classname="com.spritecloud.TestNGRunner" time="16.334">
    <system-out><![CDATA[27/10/21 13:53:50 INFO  root:16 - -----------Scenario Alerts CONFIRM-----------
27/10/21 13:54:05 INFO  root:21 -  ending -----------Scenario Alerts CONFIRM-----------
[@FrontEnd, @Alert, @seleniumTest, @regression]
]]></system-out>
    <system-err><![CDATA[Starting ChromeDriver 95.0.4638.17 (a9d0719444d4b035e284ed1fce73bf6ccd789df2-refs/branch-heads/4638@{#178}) on port 2436
Only local connections are allowed.
Please see https://chromedriver.chromium.org/security-considerations for suggestions on keeping ChromeDriver safe.
ChromeDriver was started successfully.
Oct 27, 2021 1:53:53 PM org.openqa.selenium.remote.ProtocolHandshake createSession
INFO: Detected dialect: W3C
]]></system-err>
  </testcase>
  <testcase name="runScenario[&quot;Scenario New Tab&quot;, &quot;Sprite Cloud Web Automation Test&quot;](12)" classname="com.spritecloud.TestNGRunner" time="13.726">
    <system-out><![CDATA[27/10/21 13:54:06 INFO  root:16 - -----------Scenario New Tab-----------
27/10/21 13:54:18 INFO  root:21 -  ending -----------Scenario New Tab-----------
[@FrontEnd, @seleniumTest, @regression, @NewTab]
]]></system-out>
    <system-err><![CDATA[Starting ChromeDriver 95.0.4638.17 (a9d0719444d4b035e284ed1fce73bf6ccd789df2-refs/branch-heads/4638@{#178}) on port 25044
Only local connections are allowed.
Please see https://chromedriver.chromium.org/security-considerations for suggestions on keeping ChromeDriver safe.
ChromeDriver was started successfully.
Oct 27, 2021 1:54:09 PM org.openqa.selenium.remote.ProtocolHandshake createSession
INFO: Detected dialect: W3C
]]></system-err>
  </testcase>
  <testcase name="runScenario[&quot;Scenario New Tab&quot;, &quot;Sprite Cloud Web Automation Test&quot;](13)" classname="com.spritecloud.TestNGRunner" time="12.683">
    <system-out><![CDATA[27/10/21 13:54:20 INFO  root:16 - -----------Scenario New Tab-----------
27/10/21 13:54:31 INFO  root:21 -  ending -----------Scenario New Tab-----------
[@FrontEnd, @seleniumTest, @regression, @Slider]
]]></system-out>
    <system-err><![CDATA[Starting ChromeDriver 95.0.4638.17 (a9d0719444d4b035e284ed1fce73bf6ccd789df2-refs/branch-heads/4638@{#178}) on port 41947
Only local connections are allowed.
Please see https://chromedriver.chromium.org/security-considerations for suggestions on keeping ChromeDriver safe.
ChromeDriver was started successfully.
Oct 27, 2021 1:54:23 PM org.openqa.selenium.remote.ProtocolHandshake createSession
INFO: Detected dialect: W3C
]]></system-err>
  </testcase>
  <testcase name="runScenario[&quot;Scenario Progress Bar&quot;, &quot;Sprite Cloud Web Automation Test&quot;](14)" classname="com.spritecloud.TestNGRunner" time="23.326">
    <system-out><![CDATA[27/10/21 13:54:32 INFO  root:16 - -----------Scenario Progress Bar-----------
progress-bar bg-info
progress-bar bg-info
progress-bar bg-info
progress-bar bg-info
progress-bar bg-info
progress-bar bg-info
progress-bar bg-info
progress-bar bg-info
progress-bar bg-info
progress-bar bg-info
progress-bar bg-success
27/10/21 13:54:54 INFO  root:21 -  ending -----------Scenario Progress Bar-----------
[@FrontEnd, @ProgressBar, @seleniumTest, @regression]
]]></system-out>
    <system-err><![CDATA[Starting ChromeDriver 95.0.4638.17 (a9d0719444d4b035e284ed1fce73bf6ccd789df2-refs/branch-heads/4638@{#178}) on port 44356
Only local connections are allowed.
Please see https://chromedriver.chromium.org/security-considerations for suggestions on keeping ChromeDriver safe.
ChromeDriver was started successfully.
Oct 27, 2021 1:54:35 PM org.openqa.selenium.remote.ProtocolHandshake createSession
INFO: Detected dialect: W3C
]]></system-err>
  </testcase>
  <testcase name="runScenario[&quot;Scenario Dragabble&quot;, &quot;Sprite Cloud Web Automation Test&quot;](15)" classname="com.spritecloud.TestNGRunner" time="11.477">
    <system-out><![CDATA[27/10/21 13:54:56 INFO  root:16 - -----------Scenario Dragabble-----------
27/10/21 13:55:06 INFO  root:21 -  ending -----------Scenario Dragabble-----------
[@FrontEnd, @Dragabble, @seleniumTest, @regression]
]]></system-out>
    <system-err><![CDATA[Starting ChromeDriver 95.0.4638.17 (a9d0719444d4b035e284ed1fce73bf6ccd789df2-refs/branch-heads/4638@{#178}) on port 16619
Only local connections are allowed.
Please see https://chromedriver.chromium.org/security-considerations for suggestions on keeping ChromeDriver safe.
ChromeDriver was started successfully.
Oct 27, 2021 1:54:59 PM org.openqa.selenium.remote.ProtocolHandshake createSession
INFO: Detected dialect: W3C
]]></system-err>
  </testcase>
</testsuite>