<?xml version="1.0" encoding="UTF-8"?>
<!-- Generated by org.testng.reporters.JUnitXMLReporter -->
<testsuite hostname="FLX-ARROS-L0015" ignored="0" name="Sprite Cloud Automation Tests" tests="5" failures="0" timestamp="2021-10-26T14:21:42 ART" time="4.375" errors="0">
  <testcase name="runScenario" time="2.432" classname="io.cucumber.testng.AbstractTestNGCucumberTests"/>
  <testcase name="runScenario" time="0.276" classname="io.cucumber.testng.AbstractTestNGCucumberTests"/>
  <testcase name="runScenario" time="0.179" classname="io.cucumber.testng.AbstractTestNGCucumberTests"/>
  <testcase name="runScenario" time="0.216" classname="io.cucumber.testng.AbstractTestNGCucumberTests"/>
  <testcase name="runScenario" time="1.01" classname="io.cucumber.testng.AbstractTestNGCucumberTests"/>
</testsuite> <!-- Sprite Cloud Automation Tests -->
